<?xml version="1.0" encoding="UTF-8"?>
<!-- Generated by org.testng.reporters.JUnitXMLReporter -->
<testsuite ignored="5" hostname="DESKTOP-EPSULGC" failures="0" tests="4" name="Car Loans" time="0.032" errors="0" timestamp="2021-12-26T18:19:02 CST">
  <testcase classname="TestNGTutorial2.TestCarLoan" name="WebLoginCarLoan" time="0.001"/>
  <testcase classname="TestNGTutorial2.TestCarLoan" name="RestAPILoginCarLoan" time="0.003"/>
  <testcase classname="TestNGTutorial2.TestCarLoan" name="MobileLoginCarLoan" time="0.001"/>
  <testcase classname="TestNGTutorial2.TestCarLoan" name="zDependenceTestFirst" time="0.001"/>
  <testcase classname="TestNGTutorial2.TestCarLoan" name="TestGroup3" time="0.0">
    <ignored/>
  </testcase> <!-- TestGroup3 -->
  <testcase classname="TestNGTutorial2.TestCarLoan" name="EnabledDisabledTest" time="0.0">
    <ignored/>
  </testcase> <!-- EnabledDisabledTest -->
  <testcase classname="TestNGTutorial2.TestCarLoan" name="TestGroup1" time="0.0">
    <ignored/>
  </testcase> <!-- TestGroup1 -->
  <testcase classname="TestNGTutorial2.TestCarLoan" name="TestGroup2" time="0.0">
    <ignored/>
  </testcase> <!-- TestGroup2 -->
  <testcase classname="TestNGTutorial2.TestCarLoan" name="aDependenceTestSecond" time="0.0">
    <ignored/>
  </testcase> <!-- aDependenceTestSecond -->
</testsuite> <!-- Car Loans -->
